<?xml version="1.0" encoding="UTF-8"?>
<!-- Generated by org.testng.reporters.JUnitReportReporter -->
<testsuite hostname="DESKTOP-GBUG8HR" failures="0" tests="3" name="ApiTest" time="2.196" errors="0" timestamp="2024-12-01T16:45:46 GMT-05:00" skipped="0">
  <testcase classname="ApiTest" name="testAllPosts" time="1.988"/>
  <system-out/>
  <testcase classname="ApiTest" name="testGetRequest" time="0.079"/>
  <system-out/>
  <testcase classname="ApiTest" name="testPostRequest" time="0.129"/>
  <system-out/>
</testsuite> <!-- ApiTest -->
