<?xml version="1.0" encoding="UTF-8"?>
<!-- Generated by org.testng.reporters.JUnitReportReporter -->
<testsuite hostname="DESKTOP-GBUG8HR" failures="0" tests="3" name="ApiTest" time="5.821" errors="0" timestamp="2024-12-01T16:43:31 GMT-05:00" skipped="0">
  <testcase classname="ApiTest" name="testAllPosts" time="5.499"/>
  <system-out/>
  <testcase classname="ApiTest" name="testGetRequest" time="0.151"/>
  <system-out/>
  <testcase classname="ApiTest" name="testPostRequest" time="0.171"/>
  <system-out/>
</testsuite> <!-- ApiTest -->
